2025-07-01 09:03:12,707 -INFO - Ingesting begin_inventory.csv in db
2025-07-01 09:03:17,298 -INFO - Ingesting end_inventory.csv in db
2025-07-01 09:05:03,480 -INFO - Ingesting begin_inventory.csv in db
2025-07-01 09:05:07,965 -INFO - Ingesting end_inventory.csv in db
2025-07-01 09:05:22,657 -INFO - Ingesting purchases.csv in db
2025-07-01 09:06:49,351 -INFO - Ingesting purchase_prices.csv in db
2025-07-01 09:07:01,096 -INFO - Ingesting sales.csv in db
2025-07-01 09:07:32,683 -INFO - Ingesting vendor_invoice.csv in db
2025-07-01 09:07:32,820 -INFO - ----------Ingestion Complete -----------
2025-07-01 09:07:32,821 -INFO - 
Total time taken : 2.500694151719411minutes
2025-07-01 16:47:39,413 -INFO - Creating vendor SUmmary table...
2025-07-01 16:49:52,137 -INFO - Creating vendor SUmmary table...
2025-07-01 16:51:49,979 -INFO - Creating vendor SUmmary table...
2025-07-01 16:52:33,426 -INFO - Creating vendor SUmmary table...
2025-07-01 17:00:28,260 -INFO - Creating vendor SUmmary table...
2025-07-01 17:08:54,826 -INFO - Creating vendor SUmmary table...
2025-07-02 00:16:12,763 -INFO - Creating vendor SUmmary table...
2025-07-02 00:22:10,147 -INFO - Creating vendor SUmmary table...
2025-07-02 00:43:00,926 -INFO - Creating vendor SUmmary table...
2025-07-02 00:46:29,448 -INFO - Creating vendor Summary table...
2025-07-02 00:47:42,448 -INFO - Creating vendor Summary table...
2025-07-02 00:51:56,133 -INFO - Creating vendor Summary table...
2025-07-02 00:52:10,446 -INFO - Creating vendor Summary table...
2025-07-02 00:54:53,594 -INFO - Creating vendor Summary table...
2025-07-02 01:16:51,822 -INFO - Creating vendor Summary table...
2025-07-02 01:17:06,177 -INFO - Creating vendor Summary table...
2025-07-02 01:18:55,488 -INFO - Creating vendor summary...
2025-07-02 01:20:12,738 -INFO - Creating vendor summary...
2025-07-02 01:23:25,809 -INFO - Creating vendor summary...
2025-07-02 08:15:41,565 -INFO - Creating vendor summary...
2025-07-02 08:16:23,312 -INFO - Creating vendor summary...
2025-07-02 09:06:38,208 -INFO - Creating vendor summary Table...
2025-07-02 09:08:26,764 -INFO - Creating vendor summary Table...
2025-07-02 09:52:13,774 -INFO - Creating vendor summary Table...
2025-07-02 09:52:20,764 -INFO - Creating vendor summary Table...
2025-07-02 09:54:10,453 -INFO - Creating vendor summary Table...
2025-07-02 09:54:25,232 -INFO - Creating vendor summary Table...
2025-07-02 09:56:09,867 -INFO - Creating vendor summary Table...
2025-07-02 09:56:43,296 -INFO -    VendorNumber                   VendorName  Brand  ... TotalSalesDollars  TotalSalesPrice  TotalExciseTax
0          1128  BROWN-FORMAN CORP             1233  ...         344712.22         64889.97        17598.14
1          4425        MARTIGNETTI COMPANIES   3405  ...         275162.97         52289.50        16909.12
2         17035  PERNOD RICARD USA             8068  ...         288135.11         48202.30        20557.97
3          3960  DIAGEO NORTH AMERICA INC      4261  ...         444810.74         43304.31        37163.76
4          3960  DIAGEO NORTH AMERICA INC      3545  ...         357759.17         52774.51        21833.58

[5 rows x 13 columns]
2025-07-02 09:56:43,358 -INFO - Cleaning data...
2025-07-02 09:57:50,017 -INFO - Creating vendor summary Table...
2025-07-02 09:58:12,235 -INFO -    VendorNumber                   VendorName  Brand  ... TotalSalesDollars  TotalSalesPrice  TotalExciseTax
0          1128  BROWN-FORMAN CORP             1233  ...         344712.22         64889.97        17598.14
1          4425        MARTIGNETTI COMPANIES   3405  ...         275162.97         52289.50        16909.12
2         17035  PERNOD RICARD USA             8068  ...         288135.11         48202.30        20557.97
3          3960  DIAGEO NORTH AMERICA INC      4261  ...         444810.74         43304.31        37163.76
4          3960  DIAGEO NORTH AMERICA INC      3545  ...         357759.17         52774.51        21833.58

[5 rows x 13 columns]
2025-07-02 09:58:12,297 -INFO - Cleaning data...
2025-07-02 09:58:12,315 -INFO -    VendorNumber                VendorName  Brand              Description  ...  GrossProfit  ProfitMargin  StockTurnOver  SalesPurchaseRatio
0          1128         BROWN-FORMAN CORP   1233  Jack Daniels No 7 Black  ...  -3466539.38  -1005.632867       0.066019            0.090446
1          4425     MARTIGNETTI COMPANIES   3405    Tito's Handmade Vodka  ...  -3528878.25  -1282.468440       0.056103            0.072334
2         17035         PERNOD RICARD USA   8068         Absolut 80 Proof  ...  -3130168.57  -1086.354443       0.059704            0.084292
3          3960  DIAGEO NORTH AMERICA INC   4261   Capt Morgan Spiced Rum  ...  -2816387.20   -633.165287       0.100287            0.136395
4          3960  DIAGEO NORTH AMERICA INC   3545          Ketel One Vodka  ...  -2665446.84   -745.039419       0.086041            0.118338

[5 rows x 17 columns]
2025-07-02 09:58:12,339 -INFO - Ingesting final data to DB...
2025-07-02 09:58:12,419 -INFO - \u2705 Completed Successfully.
2025-07-02 10:00:04,700 -INFO - Creating vendor summary Table...
2025-07-02 10:00:19,747 -INFO -    VendorNumber                   VendorName  Brand  ... TotalSalesDollars  TotalSalesPrice  TotalExciseTax
0          1128  BROWN-FORMAN CORP             1233  ...         344712.22         64889.97        17598.14
1          4425        MARTIGNETTI COMPANIES   3405  ...         275162.97         52289.50        16909.12
2         17035  PERNOD RICARD USA             8068  ...         288135.11         48202.30        20557.97
3          3960  DIAGEO NORTH AMERICA INC      4261  ...         444810.74         43304.31        37163.76
4          3960  DIAGEO NORTH AMERICA INC      3545  ...         357759.17         52774.51        21833.58

[5 rows x 13 columns]
2025-07-02 10:00:19,770 -INFO - Cleaning data...
2025-07-02 10:00:19,788 -INFO -    VendorNumber                VendorName  Brand              Description  ...  GrossProfit  ProfitMargin  StockTurnOver  SalesPurchaseRatio
0          1128         BROWN-FORMAN CORP   1233  Jack Daniels No 7 Black  ...  -3466539.38  -1005.632867       0.066019            0.090446
1          4425     MARTIGNETTI COMPANIES   3405    Tito's Handmade Vodka  ...  -3528878.25  -1282.468440       0.056103            0.072334
2         17035         PERNOD RICARD USA   8068         Absolut 80 Proof  ...  -3130168.57  -1086.354443       0.059704            0.084292
3          3960  DIAGEO NORTH AMERICA INC   4261   Capt Morgan Spiced Rum  ...  -2816387.20   -633.165287       0.100287            0.136395
4          3960  DIAGEO NORTH AMERICA INC   3545          Ketel One Vodka  ...  -2665446.84   -745.039419       0.086041            0.118338

[5 rows x 17 columns]
2025-07-02 10:00:19,812 -INFO - Ingesting final data to DB...
2025-07-02 10:00:19,900 -INFO - \u2705 Completed Successfully.
